#-----------------------------------------------------------
# Vivado v2018.3 (64-bit)
# SW Build 2405991 on Thu Dec  6 23:38:27 MST 2018
# IP Build 2404404 on Fri Dec  7 01:43:56 MST 2018
# Start of session at: Wed Jul 20 05:45:04 2022
# Process ID: 12980
# Current directory: C:/Users/abdk_/Desktop/Elektronik/Yongatek_Staj/slemciTasarimi/yonga02
# Command line: vivado.exe -gui_launcher_event rodinguilauncherevent2572 C:\Users\abdk_\Desktop\Elektronik\Yongatek_Staj\slemciTasarimi\yonga02\yonga02.xpr
# Log file: C:/Users/abdk_/Desktop/Elektronik/Yongatek_Staj/slemciTasarimi/yonga02/vivado.log
# Journal file: C:/Users/abdk_/Desktop/Elektronik/Yongatek_Staj/slemciTasarimi/yonga02\vivado.jou
#-----------------------------------------------------------
start_gui
open_project C:/Users/abdk_/Desktop/Elektronik/Yongatek_Staj/slemciTasarimi/yonga02/yonga02.xpr
WARNING: [filemgmt 56-99] Vivado Synthesis ignores library specification for Verilog or SystemVerilog files. [C:/Users/abdk_/Desktop/Elektronik/Yongatek_Staj/slemciTasarimi/yonga02/yonga02.srcs/sources_1/new/isa_package_.sv:]
Scanning sources...
Finished scanning sources
WARNING: [filemgmt 56-99] Vivado Synthesis ignores library specification for Verilog or SystemVerilog files. [C:/Users/abdk_/Desktop/Elektronik/Yongatek_Staj/slemciTasarimi/yonga02/yonga02.srcs/sources_1/new/isa_package_.sv:]
INFO: [IP_Flow 19-234] Refreshing IP repositories
INFO: [IP_Flow 19-1704] No user IP repositories specified
INFO: [IP_Flow 19-2313] Loaded Vivado IP repository 'C:/Xilinx/Vivado/2018.3/data/ip'.
open_project: Time (s): cpu = 00:00:11 ; elapsed = 00:00:06 . Memory (MB): peak = 704.789 ; gain = 119.109
update_compile_order -fileset sources_1
update_compile_order -fileset sources_1
update_compile_order -fileset sources_1
update_compile_order -fileset sources_1
update_compile_order -fileset sources_1
update_compile_order -fileset sources_1
launch_simulation
INFO: [Vivado 12-5682] Launching behavioral simulation in 'C:/Users/abdk_/Desktop/Elektronik/Yongatek_Staj/slemciTasarimi/yonga02/yonga02.sim/sim_1/behav/xsim'
INFO: [SIM-utils-51] Simulation object is 'sim_1'
INFO: [SIM-utils-54] Inspecting design source files for 'tb' in fileset 'sim_1'...
INFO: [USF-XSim-97] Finding global include files...
INFO: [USF-XSim-98] Fetching design files from 'sim_1'...
INFO: [USF-XSim-2] XSim::Compile design
INFO: [USF-XSim-61] Executing 'COMPILE and ANALYZE' step in 'C:/Users/abdk_/Desktop/Elektronik/Yongatek_Staj/slemciTasarimi/yonga02/yonga02.sim/sim_1/behav/xsim'
"xvlog --incr --relax -prj tb_vlog.prj"
INFO: [VRFC 10-2263] Analyzing SystemVerilog file "C:/Users/abdk_/Desktop/Elektronik/Yongatek_Staj/slemciTasarimi/yonga02/yonga02.srcs/sources_1/new/ALU.sv" into library xil_defaultlib
INFO: [VRFC 10-311] analyzing module ALU
INFO: [VRFC 10-2263] Analyzing SystemVerilog file "C:/Users/abdk_/Desktop/Elektronik/Yongatek_Staj/slemciTasarimi/yonga02/yonga02.srcs/sources_1/new/decoder.sv" into library xil_defaultlib
INFO: [VRFC 10-311] analyzing module decoder
INFO: [VRFC 10-2263] Analyzing SystemVerilog file "C:/Users/abdk_/Desktop/Elektronik/Yongatek_Staj/slemciTasarimi/yonga02/yonga02.srcs/sources_1/new/processor.sv" into library xil_defaultlib
INFO: [VRFC 10-311] analyzing module processor
INFO: [VRFC 10-2263] Analyzing SystemVerilog file "C:/Users/abdk_/Desktop/Elektronik/Yongatek_Staj/slemciTasarimi/yonga02/yonga02.srcs/sources_1/new/regfile.sv" into library xil_defaultlib
INFO: [VRFC 10-311] analyzing module regfile
INFO: [VRFC 10-2263] Analyzing SystemVerilog file "C:/Users/abdk_/Desktop/Elektronik/Yongatek_Staj/slemciTasarimi/yonga02/yonga02.srcs/sources_1/new/uart_rx.v" into library xil_defaultlib
INFO: [VRFC 10-311] analyzing module uart_rx
INFO: [VRFC 10-2263] Analyzing SystemVerilog file "C:/Users/abdk_/Desktop/Elektronik/Yongatek_Staj/slemciTasarimi/yonga02/yonga02.srcs/sources_1/new/uart_tx.sv" into library xil_defaultlib
INFO: [VRFC 10-311] analyzing module uart_tx
INFO: [VRFC 10-2263] Analyzing SystemVerilog file "C:/Users/abdk_/Desktop/Elektronik/Yongatek_Staj/slemciTasarimi/yonga02/yonga02.srcs/sim_1/new/tb.sv" into library xil_defaultlib
INFO: [VRFC 10-311] analyzing module tb
INFO: [USF-XSim-69] 'compile' step finished in '2' seconds
INFO: [USF-XSim-3] XSim::Elaborate design
INFO: [USF-XSim-61] Executing 'ELABORATE' step in 'C:/Users/abdk_/Desktop/Elektronik/Yongatek_Staj/slemciTasarimi/yonga02/yonga02.sim/sim_1/behav/xsim'
Vivado Simulator 2018.3
Copyright 1986-1999, 2001-2018 Xilinx, Inc. All Rights Reserved.
Running: C:/Xilinx/Vivado/2018.3/bin/unwrapped/win64.o/xelab.exe -wto 178dfbc6243b4553b1c9c55c4855e0d8 --incr --debug typical --relax --mt 2 -L isa_package -L xil_defaultlib -L unisims_ver -L unimacro_ver -L secureip --snapshot tb_behav xil_defaultlib.tb xil_defaultlib.glbl -log elaborate.log 
Using 2 slave threads.
Starting static elaboration
Completed static elaboration
Starting simulation data flow analysis
Completed simulation data flow analysis
Time Resolution for simulation is 1ps
Compiling package xil_defaultlib.isa_package
Compiling module xil_defaultlib.uart_rx
Compiling module xil_defaultlib.decoder
Compiling module xil_defaultlib.regfile
Compiling module xil_defaultlib.ALU
Compiling module xil_defaultlib.uart_tx
Compiling module xil_defaultlib.processor
Compiling module xil_defaultlib.tb
Compiling module xil_defaultlib.glbl
Built simulation snapshot tb_behav
INFO: [USF-XSim-69] 'elaborate' step finished in '2' seconds
INFO: [USF-XSim-4] XSim::Simulate design
INFO: [USF-XSim-61] Executing 'SIMULATE' step in 'C:/Users/abdk_/Desktop/Elektronik/Yongatek_Staj/slemciTasarimi/yonga02/yonga02.sim/sim_1/behav/xsim'
INFO: [USF-XSim-98] *** Running xsim
   with args "tb_behav -key {Behavioral:sim_1:Functional:tb} -tclbatch {tb.tcl} -view {C:/Users/abdk_/Desktop/Elektronik/Yongatek_Staj/slemciTasarimi/yonga02/tb_behav.wcfg} -log {simulate.log}"
INFO: [USF-XSim-8] Loading simulator feature
Vivado Simulator 2018.3
Time resolution is 1 ps
open_wave_config C:/Users/abdk_/Desktop/Elektronik/Yongatek_Staj/slemciTasarimi/yonga02/tb_behav.wcfg
source tb.tcl
# set curr_wave [current_wave_config]
# if { [string length $curr_wave] == 0 } {
#   if { [llength [get_objects]] > 0} {
#     add_wave /
#     set_property needs_save false [current_wave_config]
#   } else {
#      send_msg_id Add_Wave-1 WARNING "No top level signals found. Simulator will start without a wave window. If you want to open a wave window go to 'File->New Waveform Configuration' or type 'create_wave_config' in the TCL console."
#   }
# }
# run 1000ns
INFO: [USF-XSim-96] XSim completed. Design snapshot 'tb_behav' loaded.
INFO: [USF-XSim-97] XSim simulation ran for 1000ns
launch_simulation: Time (s): cpu = 00:00:08 ; elapsed = 00:00:08 . Memory (MB): peak = 769.398 ; gain = 19.891
run 5000 ns
run 5000 ns
run 5000 ns
run 5000 ns
current_wave_config {tb_behav.wcfg}
tb_behav.wcfg
add_wave {{/tb/dut/uart_tx_instantiation/tx_o}} 
relaunch_sim
INFO: [Vivado 12-5682] Launching behavioral simulation in 'C:/Users/abdk_/Desktop/Elektronik/Yongatek_Staj/slemciTasarimi/yonga02/yonga02.sim/sim_1/behav/xsim'
INFO: [SIM-utils-51] Simulation object is 'sim_1'
INFO: [SIM-utils-54] Inspecting design source files for 'tb' in fileset 'sim_1'...
INFO: [USF-XSim-97] Finding global include files...
INFO: [USF-XSim-98] Fetching design files from 'sim_1'...
INFO: [USF-XSim-2] XSim::Compile design
INFO: [USF-XSim-61] Executing 'COMPILE and ANALYZE' step in 'C:/Users/abdk_/Desktop/Elektronik/Yongatek_Staj/slemciTasarimi/yonga02/yonga02.sim/sim_1/behav/xsim'
"xvlog --incr --relax -prj tb_vlog.prj"
INFO: [VRFC 10-2263] Analyzing SystemVerilog file "C:/Users/abdk_/Desktop/Elektronik/Yongatek_Staj/slemciTasarimi/yonga02/yonga02.srcs/sources_1/new/ALU.sv" into library xil_defaultlib
INFO: [VRFC 10-311] analyzing module ALU
INFO: [VRFC 10-2263] Analyzing SystemVerilog file "C:/Users/abdk_/Desktop/Elektronik/Yongatek_Staj/slemciTasarimi/yonga02/yonga02.srcs/sources_1/new/decoder.sv" into library xil_defaultlib
INFO: [VRFC 10-311] analyzing module decoder
INFO: [VRFC 10-2263] Analyzing SystemVerilog file "C:/Users/abdk_/Desktop/Elektronik/Yongatek_Staj/slemciTasarimi/yonga02/yonga02.srcs/sources_1/new/processor.sv" into library xil_defaultlib
INFO: [VRFC 10-311] analyzing module processor
INFO: [VRFC 10-2263] Analyzing SystemVerilog file "C:/Users/abdk_/Desktop/Elektronik/Yongatek_Staj/slemciTasarimi/yonga02/yonga02.srcs/sources_1/new/regfile.sv" into library xil_defaultlib
INFO: [VRFC 10-311] analyzing module regfile
INFO: [VRFC 10-2263] Analyzing SystemVerilog file "C:/Users/abdk_/Desktop/Elektronik/Yongatek_Staj/slemciTasarimi/yonga02/yonga02.srcs/sources_1/new/uart_rx.v" into library xil_defaultlib
INFO: [VRFC 10-311] analyzing module uart_rx
INFO: [VRFC 10-2263] Analyzing SystemVerilog file "C:/Users/abdk_/Desktop/Elektronik/Yongatek_Staj/slemciTasarimi/yonga02/yonga02.srcs/sources_1/new/uart_tx.sv" into library xil_defaultlib
INFO: [VRFC 10-311] analyzing module uart_tx
INFO: [VRFC 10-2263] Analyzing SystemVerilog file "C:/Users/abdk_/Desktop/Elektronik/Yongatek_Staj/slemciTasarimi/yonga02/yonga02.srcs/sim_1/new/tb.sv" into library xil_defaultlib
INFO: [VRFC 10-311] analyzing module tb
INFO: [USF-XSim-69] 'compile' step finished in '1' seconds
INFO: [Vivado 12-5682] Launching behavioral simulation in 'C:/Users/abdk_/Desktop/Elektronik/Yongatek_Staj/slemciTasarimi/yonga02/yonga02.sim/sim_1/behav/xsim'
INFO: [USF-XSim-3] XSim::Elaborate design
INFO: [USF-XSim-61] Executing 'ELABORATE' step in 'C:/Users/abdk_/Desktop/Elektronik/Yongatek_Staj/slemciTasarimi/yonga02/yonga02.sim/sim_1/behav/xsim'
Vivado Simulator 2018.3
Copyright 1986-1999, 2001-2018 Xilinx, Inc. All Rights Reserved.
Running: C:/Xilinx/Vivado/2018.3/bin/unwrapped/win64.o/xelab.exe -wto 178dfbc6243b4553b1c9c55c4855e0d8 --incr --debug typical --relax --mt 2 -L isa_package -L xil_defaultlib -L unisims_ver -L unimacro_ver -L secureip --snapshot tb_behav xil_defaultlib.tb xil_defaultlib.glbl -log elaborate.log 
Using 2 slave threads.
Starting static elaboration
Completed static elaboration
Starting simulation data flow analysis
Completed simulation data flow analysis
Time Resolution for simulation is 1ps
Compiling package xil_defaultlib.isa_package
Compiling module xil_defaultlib.uart_rx
Compiling module xil_defaultlib.decoder
Compiling module xil_defaultlib.regfile
Compiling module xil_defaultlib.ALU
Compiling module xil_defaultlib.uart_tx
Compiling module xil_defaultlib.processor
Compiling module xil_defaultlib.tb
Compiling module xil_defaultlib.glbl
Built simulation snapshot tb_behav
INFO: [USF-XSim-69] 'elaborate' step finished in '1' seconds
Vivado Simulator 2018.3
Time resolution is 1 ps
run 5000 ns
relaunch_sim
INFO: [Vivado 12-5682] Launching behavioral simulation in 'C:/Users/abdk_/Desktop/Elektronik/Yongatek_Staj/slemciTasarimi/yonga02/yonga02.sim/sim_1/behav/xsim'
INFO: [SIM-utils-51] Simulation object is 'sim_1'
INFO: [SIM-utils-54] Inspecting design source files for 'tb' in fileset 'sim_1'...
INFO: [USF-XSim-97] Finding global include files...
INFO: [USF-XSim-98] Fetching design files from 'sim_1'...
INFO: [USF-XSim-2] XSim::Compile design
INFO: [USF-XSim-61] Executing 'COMPILE and ANALYZE' step in 'C:/Users/abdk_/Desktop/Elektronik/Yongatek_Staj/slemciTasarimi/yonga02/yonga02.sim/sim_1/behav/xsim'
"xvlog --incr --relax -prj tb_vlog.prj"
INFO: [VRFC 10-2263] Analyzing SystemVerilog file "C:/Users/abdk_/Desktop/Elektronik/Yongatek_Staj/slemciTasarimi/yonga02/yonga02.srcs/sources_1/new/ALU.sv" into library xil_defaultlib
INFO: [VRFC 10-311] analyzing module ALU
INFO: [VRFC 10-2263] Analyzing SystemVerilog file "C:/Users/abdk_/Desktop/Elektronik/Yongatek_Staj/slemciTasarimi/yonga02/yonga02.srcs/sources_1/new/decoder.sv" into library xil_defaultlib
INFO: [VRFC 10-311] analyzing module decoder
INFO: [VRFC 10-2263] Analyzing SystemVerilog file "C:/Users/abdk_/Desktop/Elektronik/Yongatek_Staj/slemciTasarimi/yonga02/yonga02.srcs/sources_1/new/processor.sv" into library xil_defaultlib
INFO: [VRFC 10-311] analyzing module processor
INFO: [VRFC 10-2263] Analyzing SystemVerilog file "C:/Users/abdk_/Desktop/Elektronik/Yongatek_Staj/slemciTasarimi/yonga02/yonga02.srcs/sources_1/new/regfile.sv" into library xil_defaultlib
INFO: [VRFC 10-311] analyzing module regfile
INFO: [VRFC 10-2263] Analyzing SystemVerilog file "C:/Users/abdk_/Desktop/Elektronik/Yongatek_Staj/slemciTasarimi/yonga02/yonga02.srcs/sources_1/new/uart_rx.v" into library xil_defaultlib
INFO: [VRFC 10-311] analyzing module uart_rx
INFO: [VRFC 10-2263] Analyzing SystemVerilog file "C:/Users/abdk_/Desktop/Elektronik/Yongatek_Staj/slemciTasarimi/yonga02/yonga02.srcs/sources_1/new/uart_tx.sv" into library xil_defaultlib
INFO: [VRFC 10-311] analyzing module uart_tx
INFO: [VRFC 10-2263] Analyzing SystemVerilog file "C:/Users/abdk_/Desktop/Elektronik/Yongatek_Staj/slemciTasarimi/yonga02/yonga02.srcs/sim_1/new/tb.sv" into library xil_defaultlib
INFO: [VRFC 10-311] analyzing module tb
INFO: [USF-XSim-69] 'compile' step finished in '1' seconds
INFO: [Vivado 12-5682] Launching behavioral simulation in 'C:/Users/abdk_/Desktop/Elektronik/Yongatek_Staj/slemciTasarimi/yonga02/yonga02.sim/sim_1/behav/xsim'
INFO: [USF-XSim-3] XSim::Elaborate design
INFO: [USF-XSim-61] Executing 'ELABORATE' step in 'C:/Users/abdk_/Desktop/Elektronik/Yongatek_Staj/slemciTasarimi/yonga02/yonga02.sim/sim_1/behav/xsim'
Vivado Simulator 2018.3
Copyright 1986-1999, 2001-2018 Xilinx, Inc. All Rights Reserved.
Running: C:/Xilinx/Vivado/2018.3/bin/unwrapped/win64.o/xelab.exe -wto 178dfbc6243b4553b1c9c55c4855e0d8 --incr --debug typical --relax --mt 2 -L isa_package -L xil_defaultlib -L unisims_ver -L unimacro_ver -L secureip --snapshot tb_behav xil_defaultlib.tb xil_defaultlib.glbl -log elaborate.log 
Using 2 slave threads.
Starting static elaboration
Completed static elaboration
Starting simulation data flow analysis
Completed simulation data flow analysis
Time Resolution for simulation is 1ps
Compiling package xil_defaultlib.isa_package
Compiling module xil_defaultlib.uart_rx
Compiling module xil_defaultlib.decoder
Compiling module xil_defaultlib.regfile
Compiling module xil_defaultlib.ALU
Compiling module xil_defaultlib.uart_tx
Compiling module xil_defaultlib.processor
Compiling module xil_defaultlib.tb
Compiling module xil_defaultlib.glbl
Built simulation snapshot tb_behav
INFO: [USF-XSim-69] 'elaborate' step finished in '1' seconds
Vivado Simulator 2018.3
Time resolution is 1 ps
run 5000 ns
run 5000 ns
run 5000 ns
run 5000 ns
run 5000 ns
run 5000 ns
run 5000 ns
run 5000 ns
run 5000 ns
run 5000 ns
run 5000 ns
run 5000 ns
run 5000 ns
run 5000 ns
relaunch_sim
INFO: [Vivado 12-5682] Launching behavioral simulation in 'C:/Users/abdk_/Desktop/Elektronik/Yongatek_Staj/slemciTasarimi/yonga02/yonga02.sim/sim_1/behav/xsim'
INFO: [SIM-utils-51] Simulation object is 'sim_1'
INFO: [SIM-utils-54] Inspecting design source files for 'tb' in fileset 'sim_1'...
INFO: [USF-XSim-97] Finding global include files...
INFO: [USF-XSim-98] Fetching design files from 'sim_1'...
INFO: [USF-XSim-2] XSim::Compile design
INFO: [USF-XSim-61] Executing 'COMPILE and ANALYZE' step in 'C:/Users/abdk_/Desktop/Elektronik/Yongatek_Staj/slemciTasarimi/yonga02/yonga02.sim/sim_1/behav/xsim'
"xvlog --incr --relax -prj tb_vlog.prj"
INFO: [VRFC 10-2263] Analyzing SystemVerilog file "C:/Users/abdk_/Desktop/Elektronik/Yongatek_Staj/slemciTasarimi/yonga02/yonga02.srcs/sources_1/new/ALU.sv" into library xil_defaultlib
INFO: [VRFC 10-311] analyzing module ALU
INFO: [VRFC 10-2263] Analyzing SystemVerilog file "C:/Users/abdk_/Desktop/Elektronik/Yongatek_Staj/slemciTasarimi/yonga02/yonga02.srcs/sources_1/new/decoder.sv" into library xil_defaultlib
INFO: [VRFC 10-311] analyzing module decoder
INFO: [VRFC 10-2263] Analyzing SystemVerilog file "C:/Users/abdk_/Desktop/Elektronik/Yongatek_Staj/slemciTasarimi/yonga02/yonga02.srcs/sources_1/new/processor.sv" into library xil_defaultlib
INFO: [VRFC 10-311] analyzing module processor
INFO: [VRFC 10-2263] Analyzing SystemVerilog file "C:/Users/abdk_/Desktop/Elektronik/Yongatek_Staj/slemciTasarimi/yonga02/yonga02.srcs/sources_1/new/regfile.sv" into library xil_defaultlib
INFO: [VRFC 10-311] analyzing module regfile
INFO: [VRFC 10-2263] Analyzing SystemVerilog file "C:/Users/abdk_/Desktop/Elektronik/Yongatek_Staj/slemciTasarimi/yonga02/yonga02.srcs/sources_1/new/uart_rx.v" into library xil_defaultlib
INFO: [VRFC 10-311] analyzing module uart_rx
INFO: [VRFC 10-2263] Analyzing SystemVerilog file "C:/Users/abdk_/Desktop/Elektronik/Yongatek_Staj/slemciTasarimi/yonga02/yonga02.srcs/sources_1/new/uart_tx.sv" into library xil_defaultlib
INFO: [VRFC 10-311] analyzing module uart_tx
INFO: [VRFC 10-2263] Analyzing SystemVerilog file "C:/Users/abdk_/Desktop/Elektronik/Yongatek_Staj/slemciTasarimi/yonga02/yonga02.srcs/sim_1/new/tb.sv" into library xil_defaultlib
INFO: [VRFC 10-311] analyzing module tb
INFO: [USF-XSim-69] 'compile' step finished in '1' seconds
INFO: [Vivado 12-5682] Launching behavioral simulation in 'C:/Users/abdk_/Desktop/Elektronik/Yongatek_Staj/slemciTasarimi/yonga02/yonga02.sim/sim_1/behav/xsim'
INFO: [USF-XSim-3] XSim::Elaborate design
INFO: [USF-XSim-61] Executing 'ELABORATE' step in 'C:/Users/abdk_/Desktop/Elektronik/Yongatek_Staj/slemciTasarimi/yonga02/yonga02.sim/sim_1/behav/xsim'
Vivado Simulator 2018.3
Copyright 1986-1999, 2001-2018 Xilinx, Inc. All Rights Reserved.
Running: C:/Xilinx/Vivado/2018.3/bin/unwrapped/win64.o/xelab.exe -wto 178dfbc6243b4553b1c9c55c4855e0d8 --incr --debug typical --relax --mt 2 -L isa_package -L xil_defaultlib -L unisims_ver -L unimacro_ver -L secureip --snapshot tb_behav xil_defaultlib.tb xil_defaultlib.glbl -log elaborate.log 
Using 2 slave threads.
Starting static elaboration
Completed static elaboration
Starting simulation data flow analysis
Completed simulation data flow analysis
Time Resolution for simulation is 1ps
Compiling package xil_defaultlib.isa_package
Compiling module xil_defaultlib.uart_rx
Compiling module xil_defaultlib.decoder
Compiling module xil_defaultlib.regfile
Compiling module xil_defaultlib.ALU
Compiling module xil_defaultlib.uart_tx
Compiling module xil_defaultlib.processor
Compiling module xil_defaultlib.tb
Compiling module xil_defaultlib.glbl
Built simulation snapshot tb_behav
INFO: [USF-XSim-69] 'elaborate' step finished in '1' seconds
Vivado Simulator 2018.3
Time resolution is 1 ps
run 5000 ns
run 5000 ns
run 5000 ns
run 5000 ns
run 5000 ns
run 5000 ns
run 5000 ns
run 5000 ns
current_wave_config {tb_behav.wcfg}
tb_behav.wcfg
add_wave {{/tb/dut/reg1/reg_file[10]}} 
current_wave_config {tb_behav.wcfg}
tb_behav.wcfg
add_wave {{/tb/dut/reg1/reg_file[6]}} 
current_wave_config {tb_behav.wcfg}
tb_behav.wcfg
add_wave {{/tb/dut/reg1/reg_file[7]}} 
relaunch_sim
INFO: [Vivado 12-5682] Launching behavioral simulation in 'C:/Users/abdk_/Desktop/Elektronik/Yongatek_Staj/slemciTasarimi/yonga02/yonga02.sim/sim_1/behav/xsim'
INFO: [SIM-utils-51] Simulation object is 'sim_1'
INFO: [SIM-utils-54] Inspecting design source files for 'tb' in fileset 'sim_1'...
INFO: [USF-XSim-97] Finding global include files...
INFO: [USF-XSim-98] Fetching design files from 'sim_1'...
INFO: [USF-XSim-2] XSim::Compile design
INFO: [USF-XSim-61] Executing 'COMPILE and ANALYZE' step in 'C:/Users/abdk_/Desktop/Elektronik/Yongatek_Staj/slemciTasarimi/yonga02/yonga02.sim/sim_1/behav/xsim'
"xvlog --incr --relax -prj tb_vlog.prj"
INFO: [VRFC 10-2263] Analyzing SystemVerilog file "C:/Users/abdk_/Desktop/Elektronik/Yongatek_Staj/slemciTasarimi/yonga02/yonga02.srcs/sources_1/new/ALU.sv" into library xil_defaultlib
INFO: [VRFC 10-311] analyzing module ALU
INFO: [VRFC 10-2263] Analyzing SystemVerilog file "C:/Users/abdk_/Desktop/Elektronik/Yongatek_Staj/slemciTasarimi/yonga02/yonga02.srcs/sources_1/new/decoder.sv" into library xil_defaultlib
INFO: [VRFC 10-311] analyzing module decoder
INFO: [VRFC 10-2263] Analyzing SystemVerilog file "C:/Users/abdk_/Desktop/Elektronik/Yongatek_Staj/slemciTasarimi/yonga02/yonga02.srcs/sources_1/new/processor.sv" into library xil_defaultlib
INFO: [VRFC 10-311] analyzing module processor
INFO: [VRFC 10-2263] Analyzing SystemVerilog file "C:/Users/abdk_/Desktop/Elektronik/Yongatek_Staj/slemciTasarimi/yonga02/yonga02.srcs/sources_1/new/regfile.sv" into library xil_defaultlib
INFO: [VRFC 10-311] analyzing module regfile
INFO: [VRFC 10-2263] Analyzing SystemVerilog file "C:/Users/abdk_/Desktop/Elektronik/Yongatek_Staj/slemciTasarimi/yonga02/yonga02.srcs/sources_1/new/uart_rx.v" into library xil_defaultlib
INFO: [VRFC 10-311] analyzing module uart_rx
INFO: [VRFC 10-2263] Analyzing SystemVerilog file "C:/Users/abdk_/Desktop/Elektronik/Yongatek_Staj/slemciTasarimi/yonga02/yonga02.srcs/sources_1/new/uart_tx.sv" into library xil_defaultlib
INFO: [VRFC 10-311] analyzing module uart_tx
INFO: [VRFC 10-2263] Analyzing SystemVerilog file "C:/Users/abdk_/Desktop/Elektronik/Yongatek_Staj/slemciTasarimi/yonga02/yonga02.srcs/sim_1/new/tb.sv" into library xil_defaultlib
INFO: [VRFC 10-311] analyzing module tb
INFO: [USF-XSim-69] 'compile' step finished in '1' seconds
INFO: [Vivado 12-5682] Launching behavioral simulation in 'C:/Users/abdk_/Desktop/Elektronik/Yongatek_Staj/slemciTasarimi/yonga02/yonga02.sim/sim_1/behav/xsim'
INFO: [USF-XSim-3] XSim::Elaborate design
INFO: [USF-XSim-61] Executing 'ELABORATE' step in 'C:/Users/abdk_/Desktop/Elektronik/Yongatek_Staj/slemciTasarimi/yonga02/yonga02.sim/sim_1/behav/xsim'
Vivado Simulator 2018.3
Copyright 1986-1999, 2001-2018 Xilinx, Inc. All Rights Reserved.
Running: C:/Xilinx/Vivado/2018.3/bin/unwrapped/win64.o/xelab.exe -wto 178dfbc6243b4553b1c9c55c4855e0d8 --incr --debug typical --relax --mt 2 -L isa_package -L xil_defaultlib -L unisims_ver -L unimacro_ver -L secureip --snapshot tb_behav xil_defaultlib.tb xil_defaultlib.glbl -log elaborate.log 
Using 2 slave threads.
Starting static elaboration
Completed static elaboration
Starting simulation data flow analysis
Completed simulation data flow analysis
Time Resolution for simulation is 1ps
Compiling package xil_defaultlib.isa_package
Compiling module xil_defaultlib.uart_rx
Compiling module xil_defaultlib.decoder
Compiling module xil_defaultlib.regfile
Compiling module xil_defaultlib.ALU
Compiling module xil_defaultlib.uart_tx
Compiling module xil_defaultlib.processor
Compiling module xil_defaultlib.tb
Compiling module xil_defaultlib.glbl
Built simulation snapshot tb_behav
INFO: [USF-XSim-69] 'elaborate' step finished in '1' seconds
Vivado Simulator 2018.3
Time resolution is 1 ps
save_wave_config {C:/Users/abdk_/Desktop/Elektronik/Yongatek_Staj/slemciTasarimi/yonga02/tb_behav.wcfg}
run 5000 ns
run 5000 ns
run 5000 ns
run 5000 ns
run 5000 ns
run 5000 ns
run 5000 ns
run 5000 ns
current_wave_config {tb_behav.wcfg}
C:/Users/abdk_/Desktop/Elektronik/Yongatek_Staj/slemciTasarimi/yonga02/tb_behav.wcfg
add_wave {{/tb/dut/reg1/reg_file[2]}} 
relaunch_sim
INFO: [Vivado 12-5682] Launching behavioral simulation in 'C:/Users/abdk_/Desktop/Elektronik/Yongatek_Staj/slemciTasarimi/yonga02/yonga02.sim/sim_1/behav/xsim'
INFO: [SIM-utils-51] Simulation object is 'sim_1'
INFO: [SIM-utils-54] Inspecting design source files for 'tb' in fileset 'sim_1'...
INFO: [USF-XSim-97] Finding global include files...
INFO: [USF-XSim-98] Fetching design files from 'sim_1'...
INFO: [USF-XSim-2] XSim::Compile design
INFO: [USF-XSim-61] Executing 'COMPILE and ANALYZE' step in 'C:/Users/abdk_/Desktop/Elektronik/Yongatek_Staj/slemciTasarimi/yonga02/yonga02.sim/sim_1/behav/xsim'
"xvlog --incr --relax -prj tb_vlog.prj"
INFO: [VRFC 10-2263] Analyzing SystemVerilog file "C:/Users/abdk_/Desktop/Elektronik/Yongatek_Staj/slemciTasarimi/yonga02/yonga02.srcs/sources_1/new/ALU.sv" into library xil_defaultlib
INFO: [VRFC 10-311] analyzing module ALU
INFO: [VRFC 10-2263] Analyzing SystemVerilog file "C:/Users/abdk_/Desktop/Elektronik/Yongatek_Staj/slemciTasarimi/yonga02/yonga02.srcs/sources_1/new/decoder.sv" into library xil_defaultlib
INFO: [VRFC 10-311] analyzing module decoder
INFO: [VRFC 10-2263] Analyzing SystemVerilog file "C:/Users/abdk_/Desktop/Elektronik/Yongatek_Staj/slemciTasarimi/yonga02/yonga02.srcs/sources_1/new/processor.sv" into library xil_defaultlib
INFO: [VRFC 10-311] analyzing module processor
INFO: [VRFC 10-2263] Analyzing SystemVerilog file "C:/Users/abdk_/Desktop/Elektronik/Yongatek_Staj/slemciTasarimi/yonga02/yonga02.srcs/sources_1/new/regfile.sv" into library xil_defaultlib
INFO: [VRFC 10-311] analyzing module regfile
INFO: [VRFC 10-2263] Analyzing SystemVerilog file "C:/Users/abdk_/Desktop/Elektronik/Yongatek_Staj/slemciTasarimi/yonga02/yonga02.srcs/sources_1/new/uart_rx.v" into library xil_defaultlib
INFO: [VRFC 10-311] analyzing module uart_rx
INFO: [VRFC 10-2263] Analyzing SystemVerilog file "C:/Users/abdk_/Desktop/Elektronik/Yongatek_Staj/slemciTasarimi/yonga02/yonga02.srcs/sources_1/new/uart_tx.sv" into library xil_defaultlib
INFO: [VRFC 10-311] analyzing module uart_tx
INFO: [VRFC 10-2263] Analyzing SystemVerilog file "C:/Users/abdk_/Desktop/Elektronik/Yongatek_Staj/slemciTasarimi/yonga02/yonga02.srcs/sim_1/new/tb.sv" into library xil_defaultlib
INFO: [VRFC 10-311] analyzing module tb
INFO: [USF-XSim-69] 'compile' step finished in '1' seconds
INFO: [Vivado 12-5682] Launching behavioral simulation in 'C:/Users/abdk_/Desktop/Elektronik/Yongatek_Staj/slemciTasarimi/yonga02/yonga02.sim/sim_1/behav/xsim'
INFO: [USF-XSim-3] XSim::Elaborate design
INFO: [USF-XSim-61] Executing 'ELABORATE' step in 'C:/Users/abdk_/Desktop/Elektronik/Yongatek_Staj/slemciTasarimi/yonga02/yonga02.sim/sim_1/behav/xsim'
Vivado Simulator 2018.3
Copyright 1986-1999, 2001-2018 Xilinx, Inc. All Rights Reserved.
Running: C:/Xilinx/Vivado/2018.3/bin/unwrapped/win64.o/xelab.exe -wto 178dfbc6243b4553b1c9c55c4855e0d8 --incr --debug typical --relax --mt 2 -L isa_package -L xil_defaultlib -L unisims_ver -L unimacro_ver -L secureip --snapshot tb_behav xil_defaultlib.tb xil_defaultlib.glbl -log elaborate.log 
Using 2 slave threads.
Starting static elaboration
Completed static elaboration
Starting simulation data flow analysis
Completed simulation data flow analysis
Time Resolution for simulation is 1ps
Compiling package xil_defaultlib.isa_package
Compiling module xil_defaultlib.uart_rx
Compiling module xil_defaultlib.decoder
Compiling module xil_defaultlib.regfile
Compiling module xil_defaultlib.ALU
Compiling module xil_defaultlib.uart_tx
Compiling module xil_defaultlib.processor
Compiling module xil_defaultlib.tb
Compiling module xil_defaultlib.glbl
Built simulation snapshot tb_behav
INFO: [USF-XSim-69] 'elaborate' step finished in '2' seconds
Vivado Simulator 2018.3
Time resolution is 1 ps
run 5000 ns
run 5000 ns
run 5000 ns
run 5000 ns
run 5000 ns
run 5000 ns
run 5000 ns
run 5000 ns
relaunch_sim
INFO: [Vivado 12-5682] Launching behavioral simulation in 'C:/Users/abdk_/Desktop/Elektronik/Yongatek_Staj/slemciTasarimi/yonga02/yonga02.sim/sim_1/behav/xsim'
INFO: [SIM-utils-51] Simulation object is 'sim_1'
INFO: [SIM-utils-54] Inspecting design source files for 'tb' in fileset 'sim_1'...
INFO: [USF-XSim-97] Finding global include files...
INFO: [USF-XSim-98] Fetching design files from 'sim_1'...
INFO: [USF-XSim-2] XSim::Compile design
INFO: [USF-XSim-61] Executing 'COMPILE and ANALYZE' step in 'C:/Users/abdk_/Desktop/Elektronik/Yongatek_Staj/slemciTasarimi/yonga02/yonga02.sim/sim_1/behav/xsim'
"xvlog --incr --relax -prj tb_vlog.prj"
INFO: [VRFC 10-2263] Analyzing SystemVerilog file "C:/Users/abdk_/Desktop/Elektronik/Yongatek_Staj/slemciTasarimi/yonga02/yonga02.srcs/sources_1/new/ALU.sv" into library xil_defaultlib
INFO: [VRFC 10-311] analyzing module ALU
INFO: [VRFC 10-2263] Analyzing SystemVerilog file "C:/Users/abdk_/Desktop/Elektronik/Yongatek_Staj/slemciTasarimi/yonga02/yonga02.srcs/sources_1/new/decoder.sv" into library xil_defaultlib
INFO: [VRFC 10-311] analyzing module decoder
INFO: [VRFC 10-2263] Analyzing SystemVerilog file "C:/Users/abdk_/Desktop/Elektronik/Yongatek_Staj/slemciTasarimi/yonga02/yonga02.srcs/sources_1/new/processor.sv" into library xil_defaultlib
INFO: [VRFC 10-311] analyzing module processor
INFO: [VRFC 10-2263] Analyzing SystemVerilog file "C:/Users/abdk_/Desktop/Elektronik/Yongatek_Staj/slemciTasarimi/yonga02/yonga02.srcs/sources_1/new/regfile.sv" into library xil_defaultlib
INFO: [VRFC 10-311] analyzing module regfile
INFO: [VRFC 10-2263] Analyzing SystemVerilog file "C:/Users/abdk_/Desktop/Elektronik/Yongatek_Staj/slemciTasarimi/yonga02/yonga02.srcs/sources_1/new/uart_rx.v" into library xil_defaultlib
INFO: [VRFC 10-311] analyzing module uart_rx
INFO: [VRFC 10-2263] Analyzing SystemVerilog file "C:/Users/abdk_/Desktop/Elektronik/Yongatek_Staj/slemciTasarimi/yonga02/yonga02.srcs/sources_1/new/uart_tx.sv" into library xil_defaultlib
INFO: [VRFC 10-311] analyzing module uart_tx
INFO: [VRFC 10-2263] Analyzing SystemVerilog file "C:/Users/abdk_/Desktop/Elektronik/Yongatek_Staj/slemciTasarimi/yonga02/yonga02.srcs/sim_1/new/tb.sv" into library xil_defaultlib
INFO: [VRFC 10-311] analyzing module tb
INFO: [USF-XSim-69] 'compile' step finished in '1' seconds
INFO: [Vivado 12-5682] Launching behavioral simulation in 'C:/Users/abdk_/Desktop/Elektronik/Yongatek_Staj/slemciTasarimi/yonga02/yonga02.sim/sim_1/behav/xsim'
INFO: [USF-XSim-3] XSim::Elaborate design
INFO: [USF-XSim-61] Executing 'ELABORATE' step in 'C:/Users/abdk_/Desktop/Elektronik/Yongatek_Staj/slemciTasarimi/yonga02/yonga02.sim/sim_1/behav/xsim'
Vivado Simulator 2018.3
Copyright 1986-1999, 2001-2018 Xilinx, Inc. All Rights Reserved.
Running: C:/Xilinx/Vivado/2018.3/bin/unwrapped/win64.o/xelab.exe -wto 178dfbc6243b4553b1c9c55c4855e0d8 --incr --debug typical --relax --mt 2 -L isa_package -L xil_defaultlib -L unisims_ver -L unimacro_ver -L secureip --snapshot tb_behav xil_defaultlib.tb xil_defaultlib.glbl -log elaborate.log 
Using 2 slave threads.
Starting static elaboration
Completed static elaboration
Starting simulation data flow analysis
Completed simulation data flow analysis
Time Resolution for simulation is 1ps
Compiling package xil_defaultlib.isa_package
Compiling module xil_defaultlib.uart_rx
Compiling module xil_defaultlib.decoder
Compiling module xil_defaultlib.regfile
Compiling module xil_defaultlib.ALU
Compiling module xil_defaultlib.uart_tx
Compiling module xil_defaultlib.processor
Compiling module xil_defaultlib.tb
Compiling module xil_defaultlib.glbl
Built simulation snapshot tb_behav
INFO: [USF-XSim-69] 'elaborate' step finished in '2' seconds
Vivado Simulator 2018.3
Time resolution is 1 ps
relaunch_sim
INFO: [Vivado 12-5682] Launching behavioral simulation in 'C:/Users/abdk_/Desktop/Elektronik/Yongatek_Staj/slemciTasarimi/yonga02/yonga02.sim/sim_1/behav/xsim'
INFO: [SIM-utils-51] Simulation object is 'sim_1'
INFO: [SIM-utils-54] Inspecting design source files for 'tb' in fileset 'sim_1'...
INFO: [USF-XSim-97] Finding global include files...
INFO: [USF-XSim-98] Fetching design files from 'sim_1'...
INFO: [USF-XSim-2] XSim::Compile design
INFO: [USF-XSim-61] Executing 'COMPILE and ANALYZE' step in 'C:/Users/abdk_/Desktop/Elektronik/Yongatek_Staj/slemciTasarimi/yonga02/yonga02.sim/sim_1/behav/xsim'
"xvlog --incr --relax -prj tb_vlog.prj"
INFO: [VRFC 10-2263] Analyzing SystemVerilog file "C:/Users/abdk_/Desktop/Elektronik/Yongatek_Staj/slemciTasarimi/yonga02/yonga02.srcs/sources_1/new/ALU.sv" into library xil_defaultlib
INFO: [VRFC 10-311] analyzing module ALU
INFO: [VRFC 10-2263] Analyzing SystemVerilog file "C:/Users/abdk_/Desktop/Elektronik/Yongatek_Staj/slemciTasarimi/yonga02/yonga02.srcs/sources_1/new/decoder.sv" into library xil_defaultlib
INFO: [VRFC 10-311] analyzing module decoder
INFO: [VRFC 10-2263] Analyzing SystemVerilog file "C:/Users/abdk_/Desktop/Elektronik/Yongatek_Staj/slemciTasarimi/yonga02/yonga02.srcs/sources_1/new/processor.sv" into library xil_defaultlib
INFO: [VRFC 10-311] analyzing module processor
INFO: [VRFC 10-2263] Analyzing SystemVerilog file "C:/Users/abdk_/Desktop/Elektronik/Yongatek_Staj/slemciTasarimi/yonga02/yonga02.srcs/sources_1/new/regfile.sv" into library xil_defaultlib
INFO: [VRFC 10-311] analyzing module regfile
INFO: [VRFC 10-2263] Analyzing SystemVerilog file "C:/Users/abdk_/Desktop/Elektronik/Yongatek_Staj/slemciTasarimi/yonga02/yonga02.srcs/sources_1/new/uart_rx.v" into library xil_defaultlib
INFO: [VRFC 10-311] analyzing module uart_rx
INFO: [VRFC 10-2263] Analyzing SystemVerilog file "C:/Users/abdk_/Desktop/Elektronik/Yongatek_Staj/slemciTasarimi/yonga02/yonga02.srcs/sources_1/new/uart_tx.sv" into library xil_defaultlib
INFO: [VRFC 10-311] analyzing module uart_tx
INFO: [VRFC 10-2263] Analyzing SystemVerilog file "C:/Users/abdk_/Desktop/Elektronik/Yongatek_Staj/slemciTasarimi/yonga02/yonga02.srcs/sim_1/new/tb.sv" into library xil_defaultlib
INFO: [VRFC 10-311] analyzing module tb
INFO: [USF-XSim-69] 'compile' step finished in '1' seconds
INFO: [Vivado 12-5682] Launching behavioral simulation in 'C:/Users/abdk_/Desktop/Elektronik/Yongatek_Staj/slemciTasarimi/yonga02/yonga02.sim/sim_1/behav/xsim'
INFO: [USF-XSim-3] XSim::Elaborate design
INFO: [USF-XSim-61] Executing 'ELABORATE' step in 'C:/Users/abdk_/Desktop/Elektronik/Yongatek_Staj/slemciTasarimi/yonga02/yonga02.sim/sim_1/behav/xsim'
Vivado Simulator 2018.3
Copyright 1986-1999, 2001-2018 Xilinx, Inc. All Rights Reserved.
Running: C:/Xilinx/Vivado/2018.3/bin/unwrapped/win64.o/xelab.exe -wto 178dfbc6243b4553b1c9c55c4855e0d8 --incr --debug typical --relax --mt 2 -L isa_package -L xil_defaultlib -L unisims_ver -L unimacro_ver -L secureip --snapshot tb_behav xil_defaultlib.tb xil_defaultlib.glbl -log elaborate.log 
Using 2 slave threads.
Starting static elaboration
Completed static elaboration
Starting simulation data flow analysis
Completed simulation data flow analysis
Time Resolution for simulation is 1ps
Compiling package xil_defaultlib.isa_package
Compiling module xil_defaultlib.uart_rx
Compiling module xil_defaultlib.decoder
Compiling module xil_defaultlib.regfile
Compiling module xil_defaultlib.ALU
Compiling module xil_defaultlib.uart_tx
Compiling module xil_defaultlib.processor
Compiling module xil_defaultlib.tb
Compiling module xil_defaultlib.glbl
Built simulation snapshot tb_behav
INFO: [USF-XSim-69] 'elaborate' step finished in '2' seconds
Vivado Simulator 2018.3
Time resolution is 1 ps
relaunch_sim: Time (s): cpu = 00:00:00 ; elapsed = 00:00:06 . Memory (MB): peak = 861.980 ; gain = 0.000
run 5000 ns
run 5000 ns
run 5000 ns
run 5000 ns
run 5000 ns
run 5000 ns
run 5000 ns
run 5000 ns
save_wave_config {C:/Users/abdk_/Desktop/Elektronik/Yongatek_Staj/slemciTasarimi/yonga02/tb_behav.wcfg}
close_sim
INFO: [Simtcl 6-16] Simulation closed
exit
INFO: [Common 17-206] Exiting Vivado at Wed Jul 20 06:40:35 2022...
